<?xml version="1.0" encoding="UTF-8"?>
<testsuite name="Create user on Utest.com" tests="1" skipped="0" failures="0" errors="0" timestamp="2021-05-04T02:13:17" hostname="DESKTOP-K1QLJHN" time="198.245">
  <properties/>
  <testcase name="Create a new profile complying with all the page requirements" classname="Create user on Utest.com" time="198.245"/>
  <system-out><![CDATA[]]></system-out>
  <system-err><![CDATA[[Test worker] WARN net.thucydides.core.steps.BaseStepListener - stepStarted: net.thucydides.core.steps.ExecutedStepDescription@583a4cbb
[Test worker] WARN net.thucydides.core.steps.BaseStepListener - stepStarted: net.thucydides.core.steps.ExecutedStepDescription@186b273e
[Test worker] WARN net.thucydides.core.steps.BaseStepListener - stepStarted: net.thucydides.core.steps.ExecutedStepDescription@6e8cc856
may 03, 2021 9:13:19 PM org.openqa.selenium.remote.DesiredCapabilities chrome
INFORMACIÓN: Using `new ChromeOptions()` is preferred to `DesiredCapabilities.chrome()`
[Test worker] INFO net.serenitybdd.core.webdriver.driverproviders.ProvideNewDriver - Instantiating driver
[Test worker] INFO net.serenitybdd.core.webdriver.driverproviders.ProvideNewDriver - Driver capabilities: Capabilities {acceptInsecureCerts: false, browserName: chrome, chrome.switches: --start-maximized, goog:chromeOptions: {args: [--start-maximized], extensions: []}, loggingPrefs: org.openqa.selenium.logging..., platform: ANY, version: }
Starting ChromeDriver 89.0.4389.23 (61b08ee2c50024bab004e48d2b1b083cdbdac579-refs/branch-heads/4389@{#294}) on port 39333
Only local connections are allowed.
Please see https://chromedriver.chromium.org/security-considerations for suggestions on keeping ChromeDriver safe.
ChromeDriver was started successfully.
[1620094430.769][WARNING]: This version of ChromeDriver has not been tested with Chrome version 90.
may 03, 2021 9:13:52 PM org.openqa.selenium.remote.ProtocolHandshake createSession
INFORMACIÓN: Detected dialect: W3C
[Test worker] WARN net.thucydides.core.steps.BaseStepListener - stepFinished: current outcome:Create a new profile complying with all the page requirements:Example: {name=Daniel, lastName=Loaiza, email=danielalejandroloaizaperez@Hotmail.com, month=February, day=12, year=1998, city=Armenia, zip_code=630003, password=Daniel-12345678} [Given that Daniel wants create a new profile on Utest [Daniel open up [Daniel opens the Automation challenge page]]]
[1620094467.393][SEVERE]: Timed out receiving message from renderer: 10.000
[1620094467.394][WARNING]: screenshot failed, retrying timeout: Timed out receiving message from renderer: 10.000
[1620094477.447][SEVERE]: Timed out receiving message from renderer: 10.000
[1620094487.458][SEVERE]: Timed out receiving message from renderer: 10.000
[1620094487.458][WARNING]: screenshot failed, retrying timeout: Timed out receiving message from renderer: 10.000
[1620094497.473][SEVERE]: Timed out receiving message from renderer: 10.000
[1620094507.482][SEVERE]: Timed out receiving message from renderer: 10.000
[1620094507.482][WARNING]: screenshot failed, retrying timeout: Timed out receiving message from renderer: 10.000
[1620094517.491][SEVERE]: Timed out receiving message from renderer: 10.000
[Test worker] WARN net.thucydides.core.webdriver.WebDriverFacade - Failed to take screenshot (timeout: Timed out receiving message from renderer: 10.000
  (Session info: chrome=90.0.4430.93)
Build info: version: '3.141.59', revision: 'e82be7d358', time: '2018-11-14T08:17:03'
System info: host: 'DESKTOP-K1QLJHN', ip: '192.168.0.11', os.name: 'Windows 10', os.arch: 'amd64', os.version: '10.0', java.version: '1.8.0_252'
Driver info: org.openqa.selenium.chrome.ChromeDriver
Capabilities {acceptInsecureCerts: false, browserName: chrome, browserVersion: 90.0.4430.93, chrome: {chromedriverVersion: 89.0.4389.23 (61b08ee2c5002..., userDataDir: C:\Users\Danie\AppData\Loca...}, goog:chromeOptions: {debuggerAddress: localhost:63371}, javascriptEnabled: true, networkConnectionEnabled: false, pageLoadStrategy: normal, platform: WINDOWS, platformName: WINDOWS, proxy: Proxy(), setWindowRect: true, strictFileInteractability: false, timeouts: {implicit: 0, pageLoad: 300000, script: 30000}, unhandledPromptBehavior: dismiss and notify, webauthn:extension:largeBlob: true, webauthn:virtualAuthenticators: true}
Session ID: 266d36f27b35125fbe8aef80401a4015)
[Test worker] WARN net.thucydides.core.steps.BaseStepListener - stepStarted: net.thucydides.core.steps.ExecutedStepDescription@b5426f2
[Test worker] WARN net.thucydides.core.steps.BaseStepListener - stepFinished: current outcome:Create a new profile complying with all the page requirements:Example: {name=Daniel, lastName=Loaiza, email=danielalejandroloaizaperez@Hotmail.com, month=February, day=12, year=1998, city=Armenia, zip_code=630003, password=Daniel-12345678} [Given that Daniel wants create a new profile on Utest [Daniel open up [Daniel opens the Automation challenge page, Daniel clicks on button to start the creation of new profile]]]
[Test worker] WARN net.thucydides.core.steps.BaseStepListener - stepFinished: current outcome:Create a new profile complying with all the page requirements:Example: {name=Daniel, lastName=Loaiza, email=danielalejandroloaizaperez@Hotmail.com, month=February, day=12, year=1998, city=Armenia, zip_code=630003, password=Daniel-12345678} [Given that Daniel wants create a new profile on Utest [Daniel open up [Daniel opens the Automation challenge page, Daniel clicks on button to start the creation of new profile]]]
[Test worker] WARN net.thucydides.core.steps.BaseStepListener - stepFinished: current outcome:Create a new profile complying with all the page requirements:Example: {name=Daniel, lastName=Loaiza, email=danielalejandroloaizaperez@Hotmail.com, month=February, day=12, year=1998, city=Armenia, zip_code=630003, password=Daniel-12345678} [Given that Daniel wants create a new profile on Utest [Daniel open up [Daniel opens the Automation challenge page, Daniel clicks on button to start the creation of new profile]]]
[Test worker] WARN net.thucydides.core.steps.BaseStepListener - stepStarted: net.thucydides.core.steps.ExecutedStepDescription@32073d9e
[Test worker] WARN net.thucydides.core.steps.BaseStepListener - stepStarted: net.thucydides.core.steps.ExecutedStepDescription@280fe741
[Test worker] WARN net.thucydides.core.steps.BaseStepListener - stepStarted: net.thucydides.core.steps.ExecutedStepDescription@18f17a02
[Test worker] WARN net.thucydides.core.steps.BaseStepListener - stepFinished: current outcome:Create a new profile complying with all the page requirements:Example: {name=Daniel, lastName=Loaiza, email=danielalejandroloaizaperez@Hotmail.com, month=February, day=12, year=1998, city=Armenia, zip_code=630003, password=Daniel-12345678} [Given that Daniel wants create a new profile on Utest [Daniel open up [Daniel opens the Automation challenge page, Daniel clicks on button to start the creation of new profile]], When he complying all the require steps
| name | lastName | email | month | day | year | city | zip_code | password |
| Daniel | Loaiza | danielalejandroloaizaperez@Hotmail.com | February | 12 | 1998 | Armenia | 630003 | Daniel-12345678 | [Daniel fill [Daniel enters 'Daniel' into where we write the name]]]
[Test worker] WARN net.thucydides.core.steps.BaseStepListener - stepStarted: net.thucydides.core.steps.ExecutedStepDescription@1b176733
[Test worker] WARN net.thucydides.core.steps.BaseStepListener - stepFinished: current outcome:Create a new profile complying with all the page requirements:Example: {name=Daniel, lastName=Loaiza, email=danielalejandroloaizaperez@Hotmail.com, month=February, day=12, year=1998, city=Armenia, zip_code=630003, password=Daniel-12345678} [Given that Daniel wants create a new profile on Utest [Daniel open up [Daniel opens the Automation challenge page, Daniel clicks on button to start the creation of new profile]], When he complying all the require steps
| name | lastName | email | month | day | year | city | zip_code | password |
| Daniel | Loaiza | danielalejandroloaizaperez@Hotmail.com | February | 12 | 1998 | Armenia | 630003 | Daniel-12345678 | [Daniel fill [Daniel enters 'Daniel' into where we write the name, Daniel enters 'Loaiza' into where we write the lastname]]]
[Test worker] WARN net.thucydides.core.steps.BaseStepListener - stepStarted: net.thucydides.core.steps.ExecutedStepDescription@6a79d31e
[Test worker] WARN net.thucydides.core.steps.BaseStepListener - stepFinished: current outcome:Create a new profile complying with all the page requirements:Example: {name=Daniel, lastName=Loaiza, email=danielalejandroloaizaperez@Hotmail.com, month=February, day=12, year=1998, city=Armenia, zip_code=630003, password=Daniel-12345678} [Given that Daniel wants create a new profile on Utest [Daniel open up [Daniel opens the Automation challenge page, Daniel clicks on button to start the creation of new profile]], When he complying all the require steps
| name | lastName | email | month | day | year | city | zip_code | password |
| Daniel | Loaiza | danielalejandroloaizaperez@Hotmail.com | February | 12 | 1998 | Armenia | 630003 | Daniel-12345678 | [Daniel fill [Daniel enters 'Daniel' into where we write the name, Daniel enters 'Loaiza' into where we write the lastname, Daniel enters 'danielalejandroloaizaperez@Hotmail.com' into where we write the email]]]
[Test worker] WARN net.thucydides.core.steps.BaseStepListener - stepStarted: net.thucydides.core.steps.ExecutedStepDescription@7e64117a
[Test worker] WARN net.thucydides.core.steps.BaseStepListener - stepFinished: current outcome:Create a new profile complying with all the page requirements:Example: {name=Daniel, lastName=Loaiza, email=danielalejandroloaizaperez@Hotmail.com, month=February, day=12, year=1998, city=Armenia, zip_code=630003, password=Daniel-12345678} [Given that Daniel wants create a new profile on Utest [Daniel open up [Daniel opens the Automation challenge page, Daniel clicks on button to start the creation of new profile]], When he complying all the require steps
| name | lastName | email | month | day | year | city | zip_code | password |
| Daniel | Loaiza | danielalejandroloaizaperez@Hotmail.com | February | 12 | 1998 | Armenia | 630003 | Daniel-12345678 | [Daniel fill [Daniel enters 'Daniel' into where we write the name, Daniel enters 'Loaiza' into where we write the lastname, Daniel enters 'danielalejandroloaizaperez@Hotmail.com' into where we write the email, Daniel clicks on where we write the month]]]
[Test worker] WARN net.thucydides.core.steps.BaseStepListener - stepStarted: net.thucydides.core.steps.ExecutedStepDescription@3d0d6fd5
[Test worker] WARN net.thucydides.core.steps.BaseStepListener - stepFinished: current outcome:Create a new profile complying with all the page requirements:Example: {name=Daniel, lastName=Loaiza, email=danielalejandroloaizaperez@Hotmail.com, month=February, day=12, year=1998, city=Armenia, zip_code=630003, password=Daniel-12345678} [Given that Daniel wants create a new profile on Utest [Daniel open up [Daniel opens the Automation challenge page, Daniel clicks on button to start the creation of new profile]], When he complying all the require steps
| name | lastName | email | month | day | year | city | zip_code | password |
| Daniel | Loaiza | danielalejandroloaizaperez@Hotmail.com | February | 12 | 1998 | Armenia | 630003 | Daniel-12345678 | [Daniel fill [Daniel enters 'Daniel' into where we write the name, Daniel enters 'Loaiza' into where we write the lastname, Daniel enters 'danielalejandroloaizaperez@Hotmail.com' into where we write the email, Daniel clicks on where we write the month, Daniel clicks on where we write the day]]]
[Test worker] WARN net.thucydides.core.steps.BaseStepListener - stepStarted: net.thucydides.core.steps.ExecutedStepDescription@597eeb0f
[Test worker] WARN net.thucydides.core.steps.BaseStepListener - stepFinished: current outcome:Create a new profile complying with all the page requirements:Example: {name=Daniel, lastName=Loaiza, email=danielalejandroloaizaperez@Hotmail.com, month=February, day=12, year=1998, city=Armenia, zip_code=630003, password=Daniel-12345678} [Given that Daniel wants create a new profile on Utest [Daniel open up [Daniel opens the Automation challenge page, Daniel clicks on button to start the creation of new profile]], When he complying all the require steps
| name | lastName | email | month | day | year | city | zip_code | password |
| Daniel | Loaiza | danielalejandroloaizaperez@Hotmail.com | February | 12 | 1998 | Armenia | 630003 | Daniel-12345678 | [Daniel fill [Daniel enters 'Daniel' into where we write the name, Daniel enters 'Loaiza' into where we write the lastname, Daniel enters 'danielalejandroloaizaperez@Hotmail.com' into where we write the email, Daniel clicks on where we write the month, Daniel clicks on where we write the day, Daniel clicks on where we write the year]]]
[Test worker] WARN net.thucydides.core.steps.BaseStepListener - stepStarted: net.thucydides.core.steps.ExecutedStepDescription@e9c0e10
[Test worker] WARN net.thucydides.core.steps.BaseStepListener - stepFinished: current outcome:Create a new profile complying with all the page requirements:Example: {name=Daniel, lastName=Loaiza, email=danielalejandroloaizaperez@Hotmail.com, month=February, day=12, year=1998, city=Armenia, zip_code=630003, password=Daniel-12345678} [Given that Daniel wants create a new profile on Utest [Daniel open up [Daniel opens the Automation challenge page, Daniel clicks on button to start the creation of new profile]], When he complying all the require steps
| name | lastName | email | month | day | year | city | zip_code | password |
| Daniel | Loaiza | danielalejandroloaizaperez@Hotmail.com | February | 12 | 1998 | Armenia | 630003 | Daniel-12345678 | [Daniel fill [Daniel enters 'Daniel' into where we write the name, Daniel enters 'Loaiza' into where we write the lastname, Daniel enters 'danielalejandroloaizaperez@Hotmail.com' into where we write the email, Daniel clicks on where we write the month, Daniel clicks on where we write the day, Daniel clicks on where we write the year, Daniel clicks on button to go to the next step:location]]]
[Test worker] WARN net.thucydides.core.steps.BaseStepListener - stepStarted: net.thucydides.core.steps.ExecutedStepDescription@268676c
[Test worker] WARN net.thucydides.core.steps.BaseStepListener - stepFinished: current outcome:Create a new profile complying with all the page requirements:Example: {name=Daniel, lastName=Loaiza, email=danielalejandroloaizaperez@Hotmail.com, month=February, day=12, year=1998, city=Armenia, zip_code=630003, password=Daniel-12345678} [Given that Daniel wants create a new profile on Utest [Daniel open up [Daniel opens the Automation challenge page, Daniel clicks on button to start the creation of new profile]], When he complying all the require steps
| name | lastName | email | month | day | year | city | zip_code | password |
| Daniel | Loaiza | danielalejandroloaizaperez@Hotmail.com | February | 12 | 1998 | Armenia | 630003 | Daniel-12345678 | [Daniel fill [Daniel enters 'Daniel' into where we write the name, Daniel enters 'Loaiza' into where we write the lastname, Daniel enters 'danielalejandroloaizaperez@Hotmail.com' into where we write the email, Daniel clicks on where we write the month, Daniel clicks on where we write the day, Daniel clicks on where we write the year, Daniel clicks on button to go to the next step:location, Daniel enters 'Armenia' into select the city]]]
[Test worker] WARN net.thucydides.core.steps.BaseStepListener - stepStarted: net.thucydides.core.steps.ExecutedStepDescription@28f6c4b7
[Test worker] WARN net.thucydides.core.steps.BaseStepListener - stepFinished: current outcome:Create a new profile complying with all the page requirements:Example: {name=Daniel, lastName=Loaiza, email=danielalejandroloaizaperez@Hotmail.com, month=February, day=12, year=1998, city=Armenia, zip_code=630003, password=Daniel-12345678} [Given that Daniel wants create a new profile on Utest [Daniel open up [Daniel opens the Automation challenge page, Daniel clicks on button to start the creation of new profile]], When he complying all the require steps
| name | lastName | email | month | day | year | city | zip_code | password |
| Daniel | Loaiza | danielalejandroloaizaperez@Hotmail.com | February | 12 | 1998 | Armenia | 630003 | Daniel-12345678 | [Daniel fill [Daniel enters 'Daniel' into where we write the name, Daniel enters 'Loaiza' into where we write the lastname, Daniel enters 'danielalejandroloaizaperez@Hotmail.com' into where we write the email, Daniel clicks on where we write the month, Daniel clicks on where we write the day, Daniel clicks on where we write the year, Daniel clicks on button to go to the next step:location, Daniel enters 'Armenia' into select the city, Daniel types 'ARROW_DOWN' in select the city]]]
[Test worker] WARN net.thucydides.core.steps.BaseStepListener - stepStarted: net.thucydides.core.steps.ExecutedStepDescription@41e8556e
[Test worker] WARN net.thucydides.core.steps.BaseStepListener - stepFinished: current outcome:Create a new profile complying with all the page requirements:Example: {name=Daniel, lastName=Loaiza, email=danielalejandroloaizaperez@Hotmail.com, month=February, day=12, year=1998, city=Armenia, zip_code=630003, password=Daniel-12345678} [Given that Daniel wants create a new profile on Utest [Daniel open up [Daniel opens the Automation challenge page, Daniel clicks on button to start the creation of new profile]], When he complying all the require steps
| name | lastName | email | month | day | year | city | zip_code | password |
| Daniel | Loaiza | danielalejandroloaizaperez@Hotmail.com | February | 12 | 1998 | Armenia | 630003 | Daniel-12345678 | [Daniel fill [Daniel enters 'Daniel' into where we write the name, Daniel enters 'Loaiza' into where we write the lastname, Daniel enters 'danielalejandroloaizaperez@Hotmail.com' into where we write the email, Daniel clicks on where we write the month, Daniel clicks on where we write the day, Daniel clicks on where we write the year, Daniel clicks on button to go to the next step:location, Daniel enters 'Armenia' into select the city, Daniel types 'ARROW_DOWN' in select the city, Daniel types 'ENTER' in select the city]]]
[Test worker] WARN net.thucydides.core.steps.BaseStepListener - stepStarted: net.thucydides.core.steps.ExecutedStepDescription@3d2aaa42
[Test worker] WARN net.thucydides.core.steps.BaseStepListener - stepFinished: current outcome:Create a new profile complying with all the page requirements:Example: {name=Daniel, lastName=Loaiza, email=danielalejandroloaizaperez@Hotmail.com, month=February, day=12, year=1998, city=Armenia, zip_code=630003, password=Daniel-12345678} [Given that Daniel wants create a new profile on Utest [Daniel open up [Daniel opens the Automation challenge page, Daniel clicks on button to start the creation of new profile]], When he complying all the require steps
| name | lastName | email | month | day | year | city | zip_code | password |
| Daniel | Loaiza | danielalejandroloaizaperez@Hotmail.com | February | 12 | 1998 | Armenia | 630003 | Daniel-12345678 | [Daniel fill [Daniel enters 'Daniel' into where we write the name, Daniel enters 'Loaiza' into where we write the lastname, Daniel enters 'danielalejandroloaizaperez@Hotmail.com' into where we write the email, Daniel clicks on where we write the month, Daniel clicks on where we write the day, Daniel clicks on where we write the year, Daniel clicks on button to go to the next step:location, Daniel enters 'Armenia' into select the city, Daniel types 'ARROW_DOWN' in select the city, Daniel types 'ENTER' in select the city, Daniel enters '630003' into write the postal code]]]
[Test worker] WARN net.thucydides.core.steps.BaseStepListener - stepStarted: net.thucydides.core.steps.ExecutedStepDescription@329eac6
[Test worker] WARN net.thucydides.core.steps.BaseStepListener - stepFinished: current outcome:Create a new profile complying with all the page requirements:Example: {name=Daniel, lastName=Loaiza, email=danielalejandroloaizaperez@Hotmail.com, month=February, day=12, year=1998, city=Armenia, zip_code=630003, password=Daniel-12345678} [Given that Daniel wants create a new profile on Utest [Daniel open up [Daniel opens the Automation challenge page, Daniel clicks on button to start the creation of new profile]], When he complying all the require steps
| name | lastName | email | month | day | year | city | zip_code | password |
| Daniel | Loaiza | danielalejandroloaizaperez@Hotmail.com | February | 12 | 1998 | Armenia | 630003 | Daniel-12345678 | [Daniel fill [Daniel enters 'Daniel' into where we write the name, Daniel enters 'Loaiza' into where we write the lastname, Daniel enters 'danielalejandroloaizaperez@Hotmail.com' into where we write the email, Daniel clicks on where we write the month, Daniel clicks on where we write the day, Daniel clicks on where we write the year, Daniel clicks on button to go to the next step:location, Daniel enters 'Armenia' into select the city, Daniel types 'ARROW_DOWN' in select the city, Daniel types 'ENTER' in select the city, Daniel enters '630003' into write the postal code, Daniel clicks on button to go to the next step:devices]]]
[Test worker] WARN net.thucydides.core.steps.BaseStepListener - stepStarted: net.thucydides.core.steps.ExecutedStepDescription@24134c00
[Test worker] WARN net.thucydides.core.steps.BaseStepListener - stepFinished: current outcome:Create a new profile complying with all the page requirements:Example: {name=Daniel, lastName=Loaiza, email=danielalejandroloaizaperez@Hotmail.com, month=February, day=12, year=1998, city=Armenia, zip_code=630003, password=Daniel-12345678} [Given that Daniel wants create a new profile on Utest [Daniel open up [Daniel opens the Automation challenge page, Daniel clicks on button to start the creation of new profile]], When he complying all the require steps
| name | lastName | email | month | day | year | city | zip_code | password |
| Daniel | Loaiza | danielalejandroloaizaperez@Hotmail.com | February | 12 | 1998 | Armenia | 630003 | Daniel-12345678 | [Daniel fill [Daniel enters 'Daniel' into where we write the name, Daniel enters 'Loaiza' into where we write the lastname, Daniel enters 'danielalejandroloaizaperez@Hotmail.com' into where we write the email, Daniel clicks on where we write the month, Daniel clicks on where we write the day, Daniel clicks on where we write the year, Daniel clicks on button to go to the next step:location, Daniel enters 'Armenia' into select the city, Daniel types 'ARROW_DOWN' in select the city, Daniel types 'ENTER' in select the city, Daniel enters '630003' into write the postal code, Daniel clicks on button to go to the next step:devices, Daniel clicks on button to go to the next step:devices]]]
[Test worker] WARN net.thucydides.core.steps.BaseStepListener - stepStarted: net.thucydides.core.steps.ExecutedStepDescription@5e2197de
[Test worker] WARN net.thucydides.core.steps.BaseStepListener - stepFinished: current outcome:Create a new profile complying with all the page requirements:Example: {name=Daniel, lastName=Loaiza, email=danielalejandroloaizaperez@Hotmail.com, month=February, day=12, year=1998, city=Armenia, zip_code=630003, password=Daniel-12345678} [Given that Daniel wants create a new profile on Utest [Daniel open up [Daniel opens the Automation challenge page, Daniel clicks on button to start the creation of new profile]], When he complying all the require steps
| name | lastName | email | month | day | year | city | zip_code | password |
| Daniel | Loaiza | danielalejandroloaizaperez@Hotmail.com | February | 12 | 1998 | Armenia | 630003 | Daniel-12345678 | [Daniel fill [Daniel enters 'Daniel' into where we write the name, Daniel enters 'Loaiza' into where we write the lastname, Daniel enters 'danielalejandroloaizaperez@Hotmail.com' into where we write the email, Daniel clicks on where we write the month, Daniel clicks on where we write the day, Daniel clicks on where we write the year, Daniel clicks on button to go to the next step:location, Daniel enters 'Armenia' into select the city, Daniel types 'ARROW_DOWN' in select the city, Daniel types 'ENTER' in select the city, Daniel enters '630003' into write the postal code, Daniel clicks on button to go to the next step:devices, Daniel clicks on button to go to the next step:devices, Daniel enters 'Daniel-12345678' into where we write the password]]]
[Test worker] WARN net.thucydides.core.steps.BaseStepListener - stepStarted: net.thucydides.core.steps.ExecutedStepDescription@1e36095f
[Test worker] WARN net.thucydides.core.steps.BaseStepListener - stepFinished: current outcome:Create a new profile complying with all the page requirements:Example: {name=Daniel, lastName=Loaiza, email=danielalejandroloaizaperez@Hotmail.com, month=February, day=12, year=1998, city=Armenia, zip_code=630003, password=Daniel-12345678} [Given that Daniel wants create a new profile on Utest [Daniel open up [Daniel opens the Automation challenge page, Daniel clicks on button to start the creation of new profile]], When he complying all the require steps
| name | lastName | email | month | day | year | city | zip_code | password |
| Daniel | Loaiza | danielalejandroloaizaperez@Hotmail.com | February | 12 | 1998 | Armenia | 630003 | Daniel-12345678 | [Daniel fill [Daniel enters 'Daniel' into where we write the name, Daniel enters 'Loaiza' into where we write the lastname, Daniel enters 'danielalejandroloaizaperez@Hotmail.com' into where we write the email, Daniel clicks on where we write the month, Daniel clicks on where we write the day, Daniel clicks on where we write the year, Daniel clicks on button to go to the next step:location, Daniel enters 'Armenia' into select the city, Daniel types 'ARROW_DOWN' in select the city, Daniel types 'ENTER' in select the city, Daniel enters '630003' into write the postal code, Daniel clicks on button to go to the next step:devices, Daniel clicks on button to go to the next step:devices, Daniel enters 'Daniel-12345678' into where we write the password, Daniel enters 'Daniel-12345678' into where we write the confirm password]]]
[Test worker] WARN net.thucydides.core.steps.BaseStepListener - stepStarted: net.thucydides.core.steps.ExecutedStepDescription@5e2d93c
[Test worker] WARN net.thucydides.core.steps.BaseStepListener - stepFinished: current outcome:Create a new profile complying with all the page requirements:Example: {name=Daniel, lastName=Loaiza, email=danielalejandroloaizaperez@Hotmail.com, month=February, day=12, year=1998, city=Armenia, zip_code=630003, password=Daniel-12345678} [Given that Daniel wants create a new profile on Utest [Daniel open up [Daniel opens the Automation challenge page, Daniel clicks on button to start the creation of new profile]], When he complying all the require steps
| name | lastName | email | month | day | year | city | zip_code | password |
| Daniel | Loaiza | danielalejandroloaizaperez@Hotmail.com | February | 12 | 1998 | Armenia | 630003 | Daniel-12345678 | [Daniel fill [Daniel enters 'Daniel' into where we write the name, Daniel enters 'Loaiza' into where we write the lastname, Daniel enters 'danielalejandroloaizaperez@Hotmail.com' into where we write the email, Daniel clicks on where we write the month, Daniel clicks on where we write the day, Daniel clicks on where we write the year, Daniel clicks on button to go to the next step:location, Daniel enters 'Armenia' into select the city, Daniel types 'ARROW_DOWN' in select the city, Daniel types 'ENTER' in select the city, Daniel enters '630003' into write the postal code, Daniel clicks on button to go to the next step:devices, Daniel clicks on button to go to the next step:devices, Daniel enters 'Daniel-12345678' into where we write the password, Daniel enters 'Daniel-12345678' into where we write the confirm password, Daniel clicks on check the option one]]]
[Test worker] WARN net.thucydides.core.steps.BaseStepListener - stepStarted: net.thucydides.core.steps.ExecutedStepDescription@5c0b55bb
[Test worker] WARN net.thucydides.core.steps.BaseStepListener - stepFinished: current outcome:Create a new profile complying with all the page requirements:Example: {name=Daniel, lastName=Loaiza, email=danielalejandroloaizaperez@Hotmail.com, month=February, day=12, year=1998, city=Armenia, zip_code=630003, password=Daniel-12345678} [Given that Daniel wants create a new profile on Utest [Daniel open up [Daniel opens the Automation challenge page, Daniel clicks on button to start the creation of new profile]], When he complying all the require steps
| name | lastName | email | month | day | year | city | zip_code | password |
| Daniel | Loaiza | danielalejandroloaizaperez@Hotmail.com | February | 12 | 1998 | Armenia | 630003 | Daniel-12345678 | [Daniel fill [Daniel enters 'Daniel' into where we write the name, Daniel enters 'Loaiza' into where we write the lastname, Daniel enters 'danielalejandroloaizaperez@Hotmail.com' into where we write the email, Daniel clicks on where we write the month, Daniel clicks on where we write the day, Daniel clicks on where we write the year, Daniel clicks on button to go to the next step:location, Daniel enters 'Armenia' into select the city, Daniel types 'ARROW_DOWN' in select the city, Daniel types 'ENTER' in select the city, Daniel enters '630003' into write the postal code, Daniel clicks on button to go to the next step:devices, Daniel clicks on button to go to the next step:devices, Daniel enters 'Daniel-12345678' into where we write the password, Daniel enters 'Daniel-12345678' into where we write the confirm password, Daniel clicks on check the option one, Daniel clicks on check the option one]]]
[Test worker] WARN net.thucydides.core.steps.BaseStepListener - stepStarted: net.thucydides.core.steps.ExecutedStepDescription@1c521df9
[Test worker] WARN net.thucydides.core.steps.BaseStepListener - stepFinished: current outcome:Create a new profile complying with all the page requirements:Example: {name=Daniel, lastName=Loaiza, email=danielalejandroloaizaperez@Hotmail.com, month=February, day=12, year=1998, city=Armenia, zip_code=630003, password=Daniel-12345678} [Given that Daniel wants create a new profile on Utest [Daniel open up [Daniel opens the Automation challenge page, Daniel clicks on button to start the creation of new profile]], When he complying all the require steps
| name | lastName | email | month | day | year | city | zip_code | password |
| Daniel | Loaiza | danielalejandroloaizaperez@Hotmail.com | February | 12 | 1998 | Armenia | 630003 | Daniel-12345678 | [Daniel fill [Daniel enters 'Daniel' into where we write the name, Daniel enters 'Loaiza' into where we write the lastname, Daniel enters 'danielalejandroloaizaperez@Hotmail.com' into where we write the email, Daniel clicks on where we write the month, Daniel clicks on where we write the day, Daniel clicks on where we write the year, Daniel clicks on button to go to the next step:location, Daniel enters 'Armenia' into select the city, Daniel types 'ARROW_DOWN' in select the city, Daniel types 'ENTER' in select the city, Daniel enters '630003' into write the postal code, Daniel clicks on button to go to the next step:devices, Daniel clicks on button to go to the next step:devices, Daniel enters 'Daniel-12345678' into where we write the password, Daniel enters 'Daniel-12345678' into where we write the confirm password, Daniel clicks on check the option one, Daniel clicks on check the option one, Daniel clicks on check the option one]]]
[Test worker] WARN net.thucydides.core.steps.BaseStepListener - stepFinished: current outcome:Create a new profile complying with all the page requirements:Example: {name=Daniel, lastName=Loaiza, email=danielalejandroloaizaperez@Hotmail.com, month=February, day=12, year=1998, city=Armenia, zip_code=630003, password=Daniel-12345678} [Given that Daniel wants create a new profile on Utest [Daniel open up [Daniel opens the Automation challenge page, Daniel clicks on button to start the creation of new profile]], When he complying all the require steps
| name | lastName | email | month | day | year | city | zip_code | password |
| Daniel | Loaiza | danielalejandroloaizaperez@Hotmail.com | February | 12 | 1998 | Armenia | 630003 | Daniel-12345678 | [Daniel fill [Daniel enters 'Daniel' into where we write the name, Daniel enters 'Loaiza' into where we write the lastname, Daniel enters 'danielalejandroloaizaperez@Hotmail.com' into where we write the email, Daniel clicks on where we write the month, Daniel clicks on where we write the day, Daniel clicks on where we write the year, Daniel clicks on button to go to the next step:location, Daniel enters 'Armenia' into select the city, Daniel types 'ARROW_DOWN' in select the city, Daniel types 'ENTER' in select the city, Daniel enters '630003' into write the postal code, Daniel clicks on button to go to the next step:devices, Daniel clicks on button to go to the next step:devices, Daniel enters 'Daniel-12345678' into where we write the password, Daniel enters 'Daniel-12345678' into where we write the confirm password, Daniel clicks on check the option one, Daniel clicks on check the option one, Daniel clicks on check the option one]]]
[Test worker] WARN net.thucydides.core.steps.BaseStepListener - stepFinished: current outcome:Create a new profile complying with all the page requirements:Example: {name=Daniel, lastName=Loaiza, email=danielalejandroloaizaperez@Hotmail.com, month=February, day=12, year=1998, city=Armenia, zip_code=630003, password=Daniel-12345678} [Given that Daniel wants create a new profile on Utest [Daniel open up [Daniel opens the Automation challenge page, Daniel clicks on button to start the creation of new profile]], When he complying all the require steps
| name | lastName | email | month | day | year | city | zip_code | password |
| Daniel | Loaiza | danielalejandroloaizaperez@Hotmail.com | February | 12 | 1998 | Armenia | 630003 | Daniel-12345678 | [Daniel fill [Daniel enters 'Daniel' into where we write the name, Daniel enters 'Loaiza' into where we write the lastname, Daniel enters 'danielalejandroloaizaperez@Hotmail.com' into where we write the email, Daniel clicks on where we write the month, Daniel clicks on where we write the day, Daniel clicks on where we write the year, Daniel clicks on button to go to the next step:location, Daniel enters 'Armenia' into select the city, Daniel types 'ARROW_DOWN' in select the city, Daniel types 'ENTER' in select the city, Daniel enters '630003' into write the postal code, Daniel clicks on button to go to the next step:devices, Daniel clicks on button to go to the next step:devices, Daniel enters 'Daniel-12345678' into where we write the password, Daniel enters 'Daniel-12345678' into where we write the confirm password, Daniel clicks on check the option one, Daniel clicks on check the option one, Daniel clicks on check the option one]]]
[Test worker] WARN net.thucydides.core.steps.BaseStepListener - stepStarted: net.thucydides.core.steps.ExecutedStepDescription@619e2861
[Test worker] WARN net.thucydides.core.steps.BaseStepListener - stepStarted: net.thucydides.core.steps.ExecutedStepDescription@50aec87e
[Test worker] WARN net.thucydides.core.steps.BaseStepListener - stepFinished: current outcome:Create a new profile complying with all the page requirements:Example: {name=Daniel, lastName=Loaiza, email=danielalejandroloaizaperez@Hotmail.com, month=February, day=12, year=1998, city=Armenia, zip_code=630003, password=Daniel-12345678} [Given that Daniel wants create a new profile on Utest [Daniel open up [Daniel opens the Automation challenge page, Daniel clicks on button to start the creation of new profile]], When he complying all the require steps
| name | lastName | email | month | day | year | city | zip_code | password |
| Daniel | Loaiza | danielalejandroloaizaperez@Hotmail.com | February | 12 | 1998 | Armenia | 630003 | Daniel-12345678 | [Daniel fill [Daniel enters 'Daniel' into where we write the name, Daniel enters 'Loaiza' into where we write the lastname, Daniel enters 'danielalejandroloaizaperez@Hotmail.com' into where we write the email, Daniel clicks on where we write the month, Daniel clicks on where we write the day, Daniel clicks on where we write the year, Daniel clicks on button to go to the next step:location, Daniel enters 'Armenia' into select the city, Daniel types 'ARROW_DOWN' in select the city, Daniel types 'ENTER' in select the city, Daniel enters '630003' into write the postal code, Daniel clicks on button to go to the next step:devices, Daniel clicks on button to go to the next step:devices, Daniel enters 'Daniel-12345678' into where we write the password, Daniel enters 'Daniel-12345678' into where we write the confirm password, Daniel clicks on check the option one, Daniel clicks on check the option one, Daniel clicks on check the option one]], Then the profile is create successful [Then answer]]
[Test worker] WARN net.thucydides.core.steps.BaseStepListener - stepFinished: current outcome:Create a new profile complying with all the page requirements:Example: {name=Daniel, lastName=Loaiza, email=danielalejandroloaizaperez@Hotmail.com, month=February, day=12, year=1998, city=Armenia, zip_code=630003, password=Daniel-12345678} [Given that Daniel wants create a new profile on Utest [Daniel open up [Daniel opens the Automation challenge page, Daniel clicks on button to start the creation of new profile]], When he complying all the require steps
| name | lastName | email | month | day | year | city | zip_code | password |
| Daniel | Loaiza | danielalejandroloaizaperez@Hotmail.com | February | 12 | 1998 | Armenia | 630003 | Daniel-12345678 | [Daniel fill [Daniel enters 'Daniel' into where we write the name, Daniel enters 'Loaiza' into where we write the lastname, Daniel enters 'danielalejandroloaizaperez@Hotmail.com' into where we write the email, Daniel clicks on where we write the month, Daniel clicks on where we write the day, Daniel clicks on where we write the year, Daniel clicks on button to go to the next step:location, Daniel enters 'Armenia' into select the city, Daniel types 'ARROW_DOWN' in select the city, Daniel types 'ENTER' in select the city, Daniel enters '630003' into write the postal code, Daniel clicks on button to go to the next step:devices, Daniel clicks on button to go to the next step:devices, Daniel enters 'Daniel-12345678' into where we write the password, Daniel enters 'Daniel-12345678' into where we write the confirm password, Daniel clicks on check the option one, Daniel clicks on check the option one, Daniel clicks on check the option one]], Then the profile is create successful [Then answer]]
[Test worker] WARN net.thucydides.core.steps.BaseStepListener - stepFinished: current outcome:Create a new profile complying with all the page requirements:Example: {name=Daniel, lastName=Loaiza, email=danielalejandroloaizaperez@Hotmail.com, month=February, day=12, year=1998, city=Armenia, zip_code=630003, password=Daniel-12345678} [Given that Daniel wants create a new profile on Utest [Daniel open up [Daniel opens the Automation challenge page, Daniel clicks on button to start the creation of new profile]], When he complying all the require steps
| name | lastName | email | month | day | year | city | zip_code | password |
| Daniel | Loaiza | danielalejandroloaizaperez@Hotmail.com | February | 12 | 1998 | Armenia | 630003 | Daniel-12345678 | [Daniel fill [Daniel enters 'Daniel' into where we write the name, Daniel enters 'Loaiza' into where we write the lastname, Daniel enters 'danielalejandroloaizaperez@Hotmail.com' into where we write the email, Daniel clicks on where we write the month, Daniel clicks on where we write the day, Daniel clicks on where we write the year, Daniel clicks on button to go to the next step:location, Daniel enters 'Armenia' into select the city, Daniel types 'ARROW_DOWN' in select the city, Daniel types 'ENTER' in select the city, Daniel enters '630003' into write the postal code, Daniel clicks on button to go to the next step:devices, Daniel clicks on button to go to the next step:devices, Daniel enters 'Daniel-12345678' into where we write the password, Daniel enters 'Daniel-12345678' into where we write the confirm password, Daniel clicks on check the option one, Daniel clicks on check the option one, Daniel clicks on check the option one]], Then the profile is create successful [Then answer]]
[Test worker] WARN net.thucydides.core.steps.BaseStepListener - testFinished: Create a new profile complying with all the page requirements:Example: {name=Daniel, lastName=Loaiza, email=danielalejandroloaizaperez@Hotmail.com, month=February, day=12, year=1998, city=Armenia, zip_code=630003, password=Daniel-12345678} [Given that Daniel wants create a new profile on Utest [Daniel open up [Daniel opens the Automation challenge page, Daniel clicks on button to start the creation of new profile]], When he complying all the require steps
| name | lastName | email | month | day | year | city | zip_code | password |
| Daniel | Loaiza | danielalejandroloaizaperez@Hotmail.com | February | 12 | 1998 | Armenia | 630003 | Daniel-12345678 | [Daniel fill [Daniel enters 'Daniel' into where we write the name, Daniel enters 'Loaiza' into where we write the lastname, Daniel enters 'danielalejandroloaizaperez@Hotmail.com' into where we write the email, Daniel clicks on where we write the month, Daniel clicks on where we write the day, Daniel clicks on where we write the year, Daniel clicks on button to go to the next step:location, Daniel enters 'Armenia' into select the city, Daniel types 'ARROW_DOWN' in select the city, Daniel types 'ENTER' in select the city, Daniel enters '630003' into write the postal code, Daniel clicks on button to go to the next step:devices, Daniel clicks on button to go to the next step:devices, Daniel enters 'Daniel-12345678' into where we write the password, Daniel enters 'Daniel-12345678' into where we write the confirm password, Daniel clicks on check the option one, Daniel clicks on check the option one, Daniel clicks on check the option one]], Then the profile is create successful [Then answer]]
[Test worker] WARN net.thucydides.core.steps.BaseStepListener - TestOutcomes: [Create a new profile complying with all the page requirements:Example: {name=Daniel, lastName=Loaiza, email=danielalejandroloaizaperez@Hotmail.com, month=February, day=12, year=1998, city=Armenia, zip_code=630003, password=Daniel-12345678} [Given that Daniel wants create a new profile on Utest [Daniel open up [Daniel opens the Automation challenge page, Daniel clicks on button to start the creation of new profile]], When he complying all the require steps
| name | lastName | email | month | day | year | city | zip_code | password |
| Daniel | Loaiza | danielalejandroloaizaperez@Hotmail.com | February | 12 | 1998 | Armenia | 630003 | Daniel-12345678 | [Daniel fill [Daniel enters 'Daniel' into where we write the name, Daniel enters 'Loaiza' into where we write the lastname, Daniel enters 'danielalejandroloaizaperez@Hotmail.com' into where we write the email, Daniel clicks on where we write the month, Daniel clicks on where we write the day, Daniel clicks on where we write the year, Daniel clicks on button to go to the next step:location, Daniel enters 'Armenia' into select the city, Daniel types 'ARROW_DOWN' in select the city, Daniel types 'ENTER' in select the city, Daniel enters '630003' into write the postal code, Daniel clicks on button to go to the next step:devices, Daniel clicks on button to go to the next step:devices, Daniel enters 'Daniel-12345678' into where we write the password, Daniel enters 'Daniel-12345678' into where we write the confirm password, Daniel clicks on check the option one, Daniel clicks on check the option one, Daniel clicks on check the option one]], Then the profile is create successful [Then answer]]]
[Test worker] WARN net.thucydides.core.steps.BaseStepListener - Final testOutcomes: [Create a new profile complying with all the page requirements:Example: {name=Daniel, lastName=Loaiza, email=danielalejandroloaizaperez@Hotmail.com, month=February, day=12, year=1998, city=Armenia, zip_code=630003, password=Daniel-12345678} [Given that Daniel wants create a new profile on Utest [Daniel open up [Daniel opens the Automation challenge page, Daniel clicks on button to start the creation of new profile]], When he complying all the require steps
| name | lastName | email | month | day | year | city | zip_code | password |
| Daniel | Loaiza | danielalejandroloaizaperez@Hotmail.com | February | 12 | 1998 | Armenia | 630003 | Daniel-12345678 | [Daniel fill [Daniel enters 'Daniel' into where we write the name, Daniel enters 'Loaiza' into where we write the lastname, Daniel enters 'danielalejandroloaizaperez@Hotmail.com' into where we write the email, Daniel clicks on where we write the month, Daniel clicks on where we write the day, Daniel clicks on where we write the year, Daniel clicks on button to go to the next step:location, Daniel enters 'Armenia' into select the city, Daniel types 'ARROW_DOWN' in select the city, Daniel types 'ENTER' in select the city, Daniel enters '630003' into write the postal code, Daniel clicks on button to go to the next step:devices, Daniel clicks on button to go to the next step:devices, Daniel enters 'Daniel-12345678' into where we write the password, Daniel enters 'Daniel-12345678' into where we write the confirm password, Daniel clicks on check the option one, Daniel clicks on check the option one, Daniel clicks on check the option one]], Then the profile is create successful [Then answer]]]
[Test worker] INFO net.thucydides.core.steps.ConsoleLoggingListener - 
        __    _____ _____ ____ _____   ____   _    ____  ____  _____ ____  
  _     \ \  |_   _| ____/ ___|_   _| |  _ \ / \  / ___|/ ___|| ____|  _ \ 
 (_)_____| |   | | |  _| \___ \ | |   | |_) / _ \ \___ \\___ \|  _| | | | |
  _|_____| |   | | | |___ ___) || |   |  __/ ___ \ ___) |___) | |___| |_| |
 (_)     | |   |_| |_____|____/ |_|   |_| /_/   \_\____/|____/|_____|____/ 
        /_/                                                                

TEST PASSED: Create a new profile complying with all the page requirements
----------------------------------------------------------------------------
]]></system-err>
</testsuite>
